Deploy complete @ Thu Aug 31 2017 15:02:41 GMT-0700 (PDT). added/changed 1 file(s): templates/product.liquid.
Deploy complete @ Thu Aug 31 2017 15:10:32 GMT-0700 (PDT). added/changed 2 file(s): assets/main.scss.liquid, assets/responsive.scss.liquid.
Deploy complete @ Thu Aug 31 2017 15:10:34 GMT-0700 (PDT). added/changed 1 file(s): assets/airplantman.css.
Deploy complete @ Thu Aug 31 2017 15:10:40 GMT-0700 (PDT). added/changed 2 file(s): assets/main.scss.liquid, assets/responsive.scss.liquid.
Deploy complete @ Thu Aug 31 2017 15:10:42 GMT-0700 (PDT). added/changed 1 file(s): assets/airplantman.css.
Deploy complete @ Thu Aug 31 2017 15:11:59 GMT-0700 (PDT). added/changed 2 file(s): assets/main.scss.liquid, assets/responsive.scss.liquid.
Deploy complete @ Thu Aug 31 2017 15:12:01 GMT-0700 (PDT). added/changed 1 file(s): assets/airplantman.css.
Deploy complete @ Thu Aug 31 2017 15:12:19 GMT-0700 (PDT). added/changed 2 file(s): assets/main.scss.liquid, assets/responsive.scss.liquid.
Deploy complete @ Thu Aug 31 2017 15:12:21 GMT-0700 (PDT). added/changed 1 file(s): assets/airplantman.css.
Deploy complete @ Thu Aug 31 2017 15:12:50 GMT-0700 (PDT). added/changed 2 file(s): assets/main.scss.liquid, assets/responsive.scss.liquid.
Deploy complete @ Thu Aug 31 2017 15:12:52 GMT-0700 (PDT). added/changed 1 file(s): assets/airplantman.css.
Deploy complete @ Thu Aug 31 2017 15:13:13 GMT-0700 (PDT). added/changed 2 file(s): assets/main.scss.liquid, assets/responsive.scss.liquid.
Deploy complete @ Thu Aug 31 2017 15:13:15 GMT-0700 (PDT). added/changed 1 file(s): assets/airplantman.css.
Deploy complete @ Thu Aug 31 2017 15:13:35 GMT-0700 (PDT). added/changed 2 file(s): assets/main.scss.liquid, assets/responsive.scss.liquid.
Deploy complete @ Thu Aug 31 2017 15:13:39 GMT-0700 (PDT). added/changed 1 file(s): assets/airplantman.css.
Deploy complete @ Thu Aug 31 2017 15:15:19 GMT-0700 (PDT). added/changed 2 file(s): assets/main.scss.liquid, assets/responsive.scss.liquid.
Deploy complete @ Thu Aug 31 2017 15:15:21 GMT-0700 (PDT). added/changed 1 file(s): assets/airplantman.css.
Deploy complete @ Thu Aug 31 2017 15:15:55 GMT-0700 (PDT). added/changed 2 file(s): assets/main.scss.liquid, assets/responsive.scss.liquid.
Deploy complete @ Thu Aug 31 2017 15:15:58 GMT-0700 (PDT). added/changed 1 file(s): assets/airplantman.css.
Deploy complete @ Thu Aug 31 2017 15:16:42 GMT-0700 (PDT). added/changed 2 file(s): assets/main.scss.liquid, assets/responsive.scss.liquid.
Deploy complete @ Thu Aug 31 2017 15:16:44 GMT-0700 (PDT). added/changed 1 file(s): assets/airplantman.css.
Deploy complete @ Thu Aug 31 2017 15:16:51 GMT-0700 (PDT). added/changed 2 file(s): assets/main.scss.liquid, assets/responsive.scss.liquid.
Deploy complete @ Thu Aug 31 2017 15:16:53 GMT-0700 (PDT). added/changed 1 file(s): assets/airplantman.css.
Deploy complete @ Thu Aug 31 2017 15:17:17 GMT-0700 (PDT). added/changed 2 file(s): assets/main.scss.liquid, assets/responsive.scss.liquid.
Deploy complete @ Thu Aug 31 2017 15:17:19 GMT-0700 (PDT). added/changed 1 file(s): assets/airplantman.css.
Deploy complete @ Thu Aug 31 2017 15:17:48 GMT-0700 (PDT). added/changed 2 file(s): assets/main.scss.liquid, assets/responsive.scss.liquid.
Deploy complete @ Thu Aug 31 2017 15:17:50 GMT-0700 (PDT). added/changed 1 file(s): assets/airplantman.css.
Deploy complete @ Thu Aug 31 2017 15:17:52 GMT-0700 (PDT). added/changed 2 file(s): assets/main.scss.liquid, assets/responsive.scss.liquid.
Deploy complete @ Thu Aug 31 2017 15:17:53 GMT-0700 (PDT). added/changed 1 file(s): assets/airplantman.css.
Deploy complete @ Thu Aug 31 2017 15:18:58 GMT-0700 (PDT). added/changed 2 file(s): assets/main.scss.liquid, assets/responsive.scss.liquid.
Deploy complete @ Thu Aug 31 2017 15:19:00 GMT-0700 (PDT). added/changed 1 file(s): assets/airplantman.css.
Deploy complete @ Thu Aug 31 2017 15:19:42 GMT-0700 (PDT). added/changed 1 file(s): sections/footer.liquid.
Deploy complete @ Thu Aug 31 2017 15:20:01 GMT-0700 (PDT). added/changed 2 file(s): assets/main.scss.liquid, assets/responsive.scss.liquid.
Deploy complete @ Thu Aug 31 2017 15:20:04 GMT-0700 (PDT). added/changed 2 file(s): assets/airplantman.css, sections/footer.liquid.
